This is LuaHBTeX, Version 1.21.0 (TeX Live 2025/nixos.org) 
 restricted system commands enabled.
(./results/reduction_graph.tex
LaTeX2e <2025-06-01> patch level 1
L3 programming layer <2025-06-09>

(/nix/store/07r08wijx7cs33ip6jla2rmmnpbmxjpy-texlive-2025-env-texmfdist/tex/lat
ex/base/article.cls
Document Class: article 2025/01/22 v1.4n Standard LaTeX document class

(/nix/store/07r08wijx7cs33ip6jla2rmmnpbmxjpy-texlive-2025-env-texmfdist/tex/lat
ex/base/size10.clo))
(/nix/store/07r08wijx7cs33ip6jla2rmmnpbmxjpy-texlive-2025-env-texmfdist/tex/lat
ex/pgf/frontendlayer/tikz.sty
(/nix/store/07r08wijx7cs33ip6jla2rmmnpbmxjpy-texlive-2025-env-texmfdist/tex/lat
ex/pgf/basiclayer/pgf.sty
(/nix/store/07r08wijx7cs33ip6jla2rmmnpbmxjpy-texlive-2025-env-texmfdist/tex/lat
ex/pgf/utilities/pgfrcs.sty
(/nix/store/07r08wijx7cs33ip6jla2rmmnpbmxjpy-texlive-2025-env-texmfdist/tex/gen
eric/pgf/utilities/pgfutil-common.tex)
(/nix/store/07r08wijx7cs33ip6jla2rmmnpbmxjpy-texlive-2025-env-texmfdist/tex/gen
eric/pgf/utilities/pgfutil-latex.def)
(/nix/store/07r08wijx7cs33ip6jla2rmmnpbmxjpy-texlive-2025-env-texmfdist/tex/gen
eric/pgf/utilities/pgfrcs.code.tex
(/nix/store/07r08wijx7cs33ip6jla2rmmnpbmxjpy-texlive-2025-env-texmfdist/tex/gen
eric/pgf/pgf.revision.tex)))
(/nix/store/07r08wijx7cs33ip6jla2rmmnpbmxjpy-texlive-2025-env-texmfdist/tex/lat
ex/pgf/basiclayer/pgfcore.sty
(/nix/store/07r08wijx7cs33ip6jla2rmmnpbmxjpy-texlive-2025-env-texmfdist/tex/lat
ex/graphics/graphicx.sty
(/nix/store/07r08wijx7cs33ip6jla2rmmnpbmxjpy-texlive-2025-env-texmfdist/tex/lat
ex/graphics/keyval.sty)
(/nix/store/07r08wijx7cs33ip6jla2rmmnpbmxjpy-texlive-2025-env-texmfdist/tex/lat
ex/graphics/graphics.sty
(/nix/store/07r08wijx7cs33ip6jla2rmmnpbmxjpy-texlive-2025-env-texmfdist/tex/lat
ex/graphics/trig.sty)
(/nix/store/07r08wijx7cs33ip6jla2rmmnpbmxjpy-texlive-2025-env-texmfdist/tex/lat
ex/graphics-cfg/graphics.cfg)
(/nix/store/07r08wijx7cs33ip6jla2rmmnpbmxjpy-texlive-2025-env-texmfdist/tex/lat
ex/graphics-def/luatex.def)))
(/nix/store/07r08wijx7cs33ip6jla2rmmnpbmxjpy-texlive-2025-env-texmfdist/tex/lat
ex/pgf/systemlayer/pgfsys.sty
(/nix/store/07r08wijx7cs33ip6jla2rmmnpbmxjpy-texlive-2025-env-texmfdist/tex/gen
eric/pgf/systemlayer/pgfsys.code.tex
(/nix/store/07r08wijx7cs33ip6jla2rmmnpbmxjpy-texlive-2025-env-texmfdist/tex/gen
eric/pgf/utilities/pgfkeys.code.tex
(/nix/store/07r08wijx7cs33ip6jla2rmmnpbmxjpy-texlive-2025-env-texmfdist/tex/gen
eric/pgf/utilities/pgfkeyslibraryfiltered.code.tex))
(/nix/store/07r08wijx7cs33ip6jla2rmmnpbmxjpy-texlive-2025-env-texmfdist/tex/gen
eric/pgf/systemlayer/pgf.cfg)
(/nix/store/07r08wijx7cs33ip6jla2rmmnpbmxjpy-texlive-2025-env-texmfdist/tex/gen
eric/pgf/systemlayer/pgfsys-luatex.def
(/nix/store/07r08wijx7cs33ip6jla2rmmnpbmxjpy-texlive-2025-env-texmfdist/tex/gen
eric/pgf/systemlayer/pgfsys-common-pdf.def)))
(/nix/store/07r08wijx7cs33ip6jla2rmmnpbmxjpy-texlive-2025-env-texmfdist/tex/gen
eric/pgf/systemlayer/pgfsyssoftpath.code.tex)
(/nix/store/07r08wijx7cs33ip6jla2rmmnpbmxjpy-texlive-2025-env-texmfdist/tex/gen
eric/pgf/systemlayer/pgfsysprotocol.code.tex))
(/nix/store/07r08wijx7cs33ip6jla2rmmnpbmxjpy-texlive-2025-env-texmfdist/tex/lat
ex/xcolor/xcolor.sty
(/nix/store/07r08wijx7cs33ip6jla2rmmnpbmxjpy-texlive-2025-env-texmfdist/tex/lat
ex/graphics-cfg/color.cfg)
(/nix/store/07r08wijx7cs33ip6jla2rmmnpbmxjpy-texlive-2025-env-texmfdist/tex/lat
ex/graphics/mathcolor.ltx))
(/nix/store/07r08wijx7cs33ip6jla2rmmnpbmxjpy-texlive-2025-env-texmfdist/tex/gen
eric/pgf/basiclayer/pgfcore.code.tex
(/nix/store/07r08wijx7cs33ip6jla2rmmnpbmxjpy-texlive-2025-env-texmfdist/tex/gen
eric/pgf/math/pgfmath.code.tex
(/nix/store/07r08wijx7cs33ip6jla2rmmnpbmxjpy-texlive-2025-env-texmfdist/tex/gen
eric/pgf/math/pgfmathutil.code.tex)
(/nix/store/07r08wijx7cs33ip6jla2rmmnpbmxjpy-texlive-2025-env-texmfdist/tex/gen
eric/pgf/math/pgfmathparser.code.tex)
(/nix/store/07r08wijx7cs33ip6jla2rmmnpbmxjpy-texlive-2025-env-texmfdist/tex/gen
eric/pgf/math/pgfmathfunctions.code.tex)
(/nix/store/07r08wijx7cs33ip6jla2rmmnpbmxjpy-texlive-2025-env-texmfdist/tex/gen
eric/pgf/math/pgfmathfunctions.basic.code.tex)
(/nix/store/07r08wijx7cs33ip6jla2rmmnpbmxjpy-texlive-2025-env-texmfdist/tex/gen
eric/pgf/math/pgfmathfunctions.trigonometric.code.tex)
(/nix/store/07r08wijx7cs33ip6jla2rmmnpbmxjpy-texlive-2025-env-texmfdist/tex/gen
eric/pgf/math/pgfmathfunctions.random.code.tex)
(/nix/store/07r08wijx7cs33ip6jla2rmmnpbmxjpy-texlive-2025-env-texmfdist/tex/gen
eric/pgf/math/pgfmathfunctions.comparison.code.tex)
(/nix/store/07r08wijx7cs33ip6jla2rmmnpbmxjpy-texlive-2025-env-texmfdist/tex/gen
eric/pgf/math/pgfmathfunctions.base.code.tex)
(/nix/store/07r08wijx7cs33ip6jla2rmmnpbmxjpy-texlive-2025-env-texmfdist/tex/gen
eric/pgf/math/pgfmathfunctions.round.code.tex)
(/nix/store/07r08wijx7cs33ip6jla2rmmnpbmxjpy-texlive-2025-env-texmfdist/tex/gen
eric/pgf/math/pgfmathfunctions.misc.code.tex)
(/nix/store/07r08wijx7cs33ip6jla2rmmnpbmxjpy-texlive-2025-env-texmfdist/tex/gen
eric/pgf/math/pgfmathfunctions.integerarithmetics.code.tex)
(/nix/store/07r08wijx7cs33ip6jla2rmmnpbmxjpy-texlive-2025-env-texmfdist/tex/gen
eric/pgf/math/pgfmathcalc.code.tex)
(/nix/store/07r08wijx7cs33ip6jla2rmmnpbmxjpy-texlive-2025-env-texmfdist/tex/gen
eric/pgf/math/pgfmathfloat.code.tex))
(/nix/store/07r08wijx7cs33ip6jla2rmmnpbmxjpy-texlive-2025-env-texmfdist/tex/gen
eric/pgf/math/pgfint.code.tex)
(/nix/store/07r08wijx7cs33ip6jla2rmmnpbmxjpy-texlive-2025-env-texmfdist/tex/gen
eric/pgf/basiclayer/pgfcorepoints.code.tex)
(/nix/store/07r08wijx7cs33ip6jla2rmmnpbmxjpy-texlive-2025-env-texmfdist/tex/gen
eric/pgf/basiclayer/pgfcorepathconstruct.code.tex)
(/nix/store/07r08wijx7cs33ip6jla2rmmnpbmxjpy-texlive-2025-env-texmfdist/tex/gen
eric/pgf/basiclayer/pgfcorepathusage.code.tex)
(/nix/store/07r08wijx7cs33ip6jla2rmmnpbmxjpy-texlive-2025-env-texmfdist/tex/gen
eric/pgf/basiclayer/pgfcorescopes.code.tex)
(/nix/store/07r08wijx7cs33ip6jla2rmmnpbmxjpy-texlive-2025-env-texmfdist/tex/gen
eric/pgf/basiclayer/pgfcoregraphicstate.code.tex)
(/nix/store/07r08wijx7cs33ip6jla2rmmnpbmxjpy-texlive-2025-env-texmfdist/tex/gen
eric/pgf/basiclayer/pgfcoretransformations.code.tex)
(/nix/store/07r08wijx7cs33ip6jla2rmmnpbmxjpy-texlive-2025-env-texmfdist/tex/gen
eric/pgf/basiclayer/pgfcorequick.code.tex)
(/nix/store/07r08wijx7cs33ip6jla2rmmnpbmxjpy-texlive-2025-env-texmfdist/tex/gen
eric/pgf/basiclayer/pgfcoreobjects.code.tex)
(/nix/store/07r08wijx7cs33ip6jla2rmmnpbmxjpy-texlive-2025-env-texmfdist/tex/gen
eric/pgf/basiclayer/pgfcorepathprocessing.code.tex)
(/nix/store/07r08wijx7cs33ip6jla2rmmnpbmxjpy-texlive-2025-env-texmfdist/tex/gen
eric/pgf/basiclayer/pgfcorearrows.code.tex)
(/nix/store/07r08wijx7cs33ip6jla2rmmnpbmxjpy-texlive-2025-env-texmfdist/tex/gen
eric/pgf/basiclayer/pgfcoreshade.code.tex)
(/nix/store/07r08wijx7cs33ip6jla2rmmnpbmxjpy-texlive-2025-env-texmfdist/tex/gen
eric/pgf/basiclayer/pgfcoreimage.code.tex)
(/nix/store/07r08wijx7cs33ip6jla2rmmnpbmxjpy-texlive-2025-env-texmfdist/tex/gen
eric/pgf/basiclayer/pgfcoreexternal.code.tex)
(/nix/store/07r08wijx7cs33ip6jla2rmmnpbmxjpy-texlive-2025-env-texmfdist/tex/gen
eric/pgf/basiclayer/pgfcorelayers.code.tex)
(/nix/store/07r08wijx7cs33ip6jla2rmmnpbmxjpy-texlive-2025-env-texmfdist/tex/gen
eric/pgf/basiclayer/pgfcoretransparency.code.tex)
(/nix/store/07r08wijx7cs33ip6jla2rmmnpbmxjpy-texlive-2025-env-texmfdist/tex/gen
eric/pgf/basiclayer/pgfcorepatterns.code.tex)
(/nix/store/07r08wijx7cs33ip6jla2rmmnpbmxjpy-texlive-2025-env-texmfdist/tex/gen
eric/pgf/basiclayer/pgfcorerdf.code.tex)))
(/nix/store/07r08wijx7cs33ip6jla2rmmnpbmxjpy-texlive-2025-env-texmfdist/tex/gen
eric/pgf/modules/pgfmoduleshapes.code.tex)
(/nix/store/07r08wijx7cs33ip6jla2rmmnpbmxjpy-texlive-2025-env-texmfdist/tex/gen
eric/pgf/modules/pgfmoduleplot.code.tex)
(/nix/store/07r08wijx7cs33ip6jla2rmmnpbmxjpy-texlive-2025-env-texmfdist/tex/lat
ex/pgf/compatibility/pgfcomp-version-0-65.sty)
(/nix/store/07r08wijx7cs33ip6jla2rmmnpbmxjpy-texlive-2025-env-texmfdist/tex/lat
ex/pgf/compatibility/pgfcomp-version-1-18.sty))
(/nix/store/07r08wijx7cs33ip6jla2rmmnpbmxjpy-texlive-2025-env-texmfdist/tex/lat
ex/pgf/utilities/pgffor.sty
(/nix/store/07r08wijx7cs33ip6jla2rmmnpbmxjpy-texlive-2025-env-texmfdist/tex/lat
ex/pgf/utilities/pgfkeys.sty
(/nix/store/07r08wijx7cs33ip6jla2rmmnpbmxjpy-texlive-2025-env-texmfdist/tex/gen
eric/pgf/utilities/pgfkeys.code.tex))
(/nix/store/07r08wijx7cs33ip6jla2rmmnpbmxjpy-texlive-2025-env-texmfdist/tex/lat
ex/pgf/math/pgfmath.sty
(/nix/store/07r08wijx7cs33ip6jla2rmmnpbmxjpy-texlive-2025-env-texmfdist/tex/gen
eric/pgf/math/pgfmath.code.tex))
(/nix/store/07r08wijx7cs33ip6jla2rmmnpbmxjpy-texlive-2025-env-texmfdist/tex/gen
eric/pgf/utilities/pgffor.code.tex))
(/nix/store/07r08wijx7cs33ip6jla2rmmnpbmxjpy-texlive-2025-env-texmfdist/tex/gen
eric/pgf/frontendlayer/tikz/tikz.code.tex
(/nix/store/07r08wijx7cs33ip6jla2rmmnpbmxjpy-texlive-2025-env-texmfdist/tex/gen
eric/pgf/libraries/pgflibraryplothandlers.code.tex)
(/nix/store/07r08wijx7cs33ip6jla2rmmnpbmxjpy-texlive-2025-env-texmfdist/tex/gen
eric/pgf/modules/pgfmodulematrix.code.tex)
(/nix/store/07r08wijx7cs33ip6jla2rmmnpbmxjpy-texlive-2025-env-texmfdist/tex/gen
eric/pgf/frontendlayer/tikz/libraries/tikzlibrarytopaths.code.tex)))
(/nix/store/07r08wijx7cs33ip6jla2rmmnpbmxjpy-texlive-2025-env-texmfdist/tex/gen
eric/pgf/frontendlayer/tikz/libraries/graphs/tikzlibrarygraphs.code.tex)
(/nix/store/07r08wijx7cs33ip6jla2rmmnpbmxjpy-texlive-2025-env-texmfdist/tex/gen
eric/pgf/graphdrawing/tex/tikzlibrarygraphdrawing.code.tex
(/nix/store/07r08wijx7cs33ip6jla2rmmnpbmxjpy-texlive-2025-env-texmfdist/tex/gen
eric/pgf/graphdrawing/tex/pgflibrarygraphdrawing.code.tex))
(/nix/store/07r08wijx7cs33ip6jla2rmmnpbmxjpy-texlive-2025-env-texmfdist/tex/lat
ex/l3backend/l3backend-luatex.def) (./results/reduction_graph.aux)
(/nix/store/07r08wijx7cs33ip6jla2rmmnpbmxjpy-texlive-2025-env-texmfdist/tex/con
text/base/mkii/supp-pdf.mkii
[Loading MPS to PDF converter (version 2006.09.02).]
)
(/nix/store/07r08wijx7cs33ip6jla2rmmnpbmxjpy-texlive-2025-env-texmfdist/tex/lat
ex/epstopdf-pkg/epstopdf-base.sty
(/nix/store/07r08wijx7cs33ip6jla2rmmnpbmxjpy-texlive-2025-env-texmfdist/tex/lat
ex/latexconfig/epstopdf-sys.cfg))
[1{/nix/store/54psqfmjpdg0yz39k4zispmpzx97fn9c-texlive-2025-env/share/texmf-var
/fonts/map/pdftex/updmap/pdftex.map}] (./results/reduction_graph.aux))
 413 words of node memory still in use:
   3 hlist, 1 vlist, 1 rule, 2 glue, 3 kern, 1 glyph, 5 attribute, 48 glue_spec
, 5 attribute_list, 2 write nodes
   avail lists: 1:12,2:638,3:247,4:10,5:26,6:2,7:818,8:39,9:150
</nix/store/swxn2kgfg47a8r0igh45r51c7x3mk92s-lm-2.005-tex/fonts/opentype/public
/lm/lmroman10-regular.otf></nix/store/07r08wijx7cs33ip6jla2rmmnpbmxjpy-texlive-
2025-env-texmfdist/fonts/type1/public/amsfonts/cm/cmmi10.pfb></nix/store/07r08w
ijx7cs33ip6jla2rmmnpbmxjpy-texlive-2025-env-texmfdist/fonts/type1/public/amsfon
ts/cm/cmr10.pfb>
Output written on reduction_graph.pdf (1 page, 18725 bytes).
Transcript written on reduction_graph.log.
